[debug] [2023-07-03T17:12:56.065Z] ----------------------------------------------------------------------
[debug] [2023-07-03T17:12:56.068Z] Command:       C:\Program Files\nodejs\node.exe C:\Program Files\nodejs\node_modules\firebase-tools\lib\bin\firebase.js init
[debug] [2023-07-03T17:12:56.069Z] CLI Version:   8.4.2
[debug] [2023-07-03T17:12:56.069Z] Platform:      win32
[debug] [2023-07-03T17:12:56.069Z] Node Version:  v18.16.1
[debug] [2023-07-03T17:12:56.071Z] Time:          Mon Jul 03 2023 20:12:56 GMT+0300 (שעון ישראל (קיץ))
[debug] [2023-07-03T17:12:56.071Z] ----------------------------------------------------------------------
[debug] [2023-07-03T17:12:56.071Z] 
[debug] [2023-07-03T17:12:56.115Z] > command requires scopes: ["email","openid","https://www.googleapis.com/auth/cloudplatformprojects.readonly","https://www.googleapis.com/auth/firebase","https://www.googleapis.com/auth/cloud-platform"]
[debug] [2023-07-03T17:12:56.116Z] > authorizing via signed-in user
[info] 
     ######## #### ########  ######## ########     ###     ######  ########
     ##        ##  ##     ## ##       ##     ##  ##   ##  ##       ##
     ######    ##  ########  ######   ########  #########  ######  ######
     ##        ##  ##    ##  ##       ##     ## ##     ##       ## ##
     ##       #### ##     ## ######## ########  ##     ##  ######  ########

You're about to initialize a Firebase project in this directory:

  C:\Users\USER\Desktop\fullstack-los-angeles

[info] 
=== Project Setup
[info] 
[info] First, let's associate this project directory with a Firebase project.
[info] You can create multiple project aliases by running firebase use --add, 
[info] but for now we'll just set up a default project.
[info] 
[debug] [2023-07-03T17:14:03.926Z] > refreshing access token with scopes: ["email","https://www.googleapis.com/auth/cloud-platform","https://www.googleapis.com/auth/cloudplatformprojects.readonly","https://www.googleapis.com/auth/firebase","openid"]
[debug] [2023-07-03T17:14:03.926Z] >>> HTTP REQUEST POST https://www.googleapis.com/oauth2/v3/token  
 <request body omitted>
[debug] [2023-07-03T17:14:04.135Z] Authentication Error: Your credentials are no longer valid. Please run firebase login --reauth

For CI servers and headless environments, generate a new token with firebase login:ci
[debug] [2023-07-03T17:14:04.619Z] FirebaseError: Authentication Error: Your credentials are no longer valid. Please run firebase login --reauth

For CI servers and headless environments, generate a new token with firebase login:ci
    at Object.<anonymous> (C:\Users\USER\AppData\Roaming\nvm\v18.16.1\node_modules\firebase-tools\lib\auth.js:23:32)
    at Module._compile (node:internal/modules/cjs/loader:1256:14)
    at Module._extensions..js (node:internal/modules/cjs/loader:1310:10)
    at Module.load (node:internal/modules/cjs/loader:1119:32)
    at Module._load (node:internal/modules/cjs/loader:960:12)
    at Module.require (node:internal/modules/cjs/loader:1143:19)
    at require (node:internal/modules/cjs/helpers:110:18)
    at Object.<anonymous> (C:\Users\USER\AppData\Roaming\nvm\v18.16.1\node_modules\firebase-tools\lib\commands\login.js:20:14)
    at Module._compile (node:internal/modules/cjs/loader:1256:14)
    at Module._extensions..js (node:internal/modules/cjs/loader:1310:10)
    at Module.load (node:internal/modules/cjs/loader:1119:32)
    at Module._load (node:internal/modules/cjs/loader:960:12)
    at Module.require (node:internal/modules/cjs/loader:1143:19)
    at require (node:internal/modules/cjs/helpers:110:18)
    at loadCommand (C:\Users\USER\AppData\Roaming\nvm\v18.16.1\node_modules\firebase-tools\lib\commands\index.js:5:19)
    at module.exports (C:\Users\USER\AppData\Roaming\nvm\v18.16.1\node_modules\firebase-tools\lib\commands\index.js:89:20)
[error] 
[error] Error: Failed to list Firebase projects. See firebase-debug.log for more info.
